21:07:55,826 INFO  EbiEmulator: - ====================== Connection accepted: /127.0.0.1:1841
21:07:56,270 INFO  EbiEmulator: - Make package: cycles: 0xC3 0x3C T:{12887=Telegram[ 3257;  Data: 0x03 0x00 0x00 0x00 0x00 0x00 0x00 0x00 0x00 ; cyclesA/B: 0x00 0x00; status: null; time: 5006050 ] }
21:07:56,270 INFO  EbiEmulator: - Package ready -> send[10000]
21:07:56,270 INFO  EbiEmulator: - Send hdlc[10000]: 0x10 0x02 0x00 0x01 0x02 0x00 0x00 0x00 0x2A 0x00 0xC3 0x3C 0x00 0x1C 0x32 0x57 0xE4 0xC3 0x03 0x00 0x00 0x00 0x00 0x00 0x00 0x00 0x00 0x99 0x32 0x57 0xE6 0x3C 0xFC 0xFF 0xFF 0xFF 0xFF 0xFF 0xFF 0xFF 0xFF 0x1C 0x19 0x26 0x10 0x83 
21:07:56,368 INFO  EbiEmulator: - ======================read data====================
21:07:56,380 WARN  EbiEmulator: - ====================== Client 1 disconnected
21:10:51,805 INFO  EbiEmulator: - ====================== Connection accepted: /127.0.0.1:1870
21:10:52,061 INFO  EbiEmulator: - Make package: cycles: 0xC4 0x3B T:{12887=Telegram[ 3257;  Data: 0x03 0x00 0x00 0x00 0x00 0x00 0x00 0x00 0x00 ; cyclesA/B: 0x00 0x00; status: null; time: 5181841 ] }
21:10:52,062 INFO  EbiEmulator: - Package ready -> send[10000]
21:10:52,062 INFO  EbiEmulator: - Send hdlc[10000]: 0x10 0x02 0x00 0x01 0x02 0x00 0x00 0x00 0x2A 0x00 0xC4 0x3B 0x00 0x1C 0x32 0x57 0xE4 0xC4 0x03 0x00 0x00 0x00 0x00 0x00 0x00 0x00 0x00 0x99 0x32 0x57 0xE6 0x3B 0xFC 0xFF 0xFF 0xFF 0xFF 0xFF 0xFF 0xFF 0xFF 0x1C 0xFC 0xF9 0x10 0x83 
21:10:52,075 INFO  EbiEmulator: - ======================read data====================
21:10:52,087 WARN  EbiEmulator: - ====================== Client 1 disconnected
21:13:09,714 INFO  EbiEmulator: - ====================== Connection accepted: /127.0.0.1:1889
21:13:10,067 INFO  EbiEmulator: - Make package: cycles: 0xC5 0x3A T:{12887=Telegram[ 3257;  Data: 0x03 0x00 0x00 0x00 0x00 0x00 0x00 0x00 0x00 ; cyclesA/B: 0x00 0x00; status: null; time: 5319847 ] }
21:13:10,067 INFO  EbiEmulator: - Package ready -> send[10000]
21:13:10,067 INFO  EbiEmulator: - Send hdlc[10000]: 0x10 0x02 0x00 0x01 0x02 0x00 0x00 0x00 0x2A 0x00 0xC5 0x3A 0x00 0x1C 0x32 0x57 0xE4 0xC5 0x03 0x00 0x00 0x00 0x00 0x00 0x00 0x00 0x00 0x99 0x32 0x57 0xE6 0x3A 0xFC 0xFF 0xFF 0xFF 0xFF 0xFF 0xFF 0xFF 0xFF 0x1C 0xB6 0x6B 0x10 0x83 
21:13:10,652 WARN  EbiEmulator: - ProcessData1 -> Send 140ms repeat on port: 10000
21:13:10,652 INFO  EbiEmulator: - Make package: cycles: 0xC6 0x39 T:{12887=Telegram[ 3257;  Data: 0x03 0x00 0x00 0x00 0x00 0x00 0x00 0x00 0x00 ; cyclesA/B: 0x00 0x00; status: null; time: 5320432 ] }
21:13:10,652 INFO  EbiEmulator: - Package ready -> send[10000]
21:13:10,652 INFO  EbiEmulator: - Send hdlc[10000]: 0x10 0x02 0x00 0x01 0x02 0x00 0x00 0x00 0x2A 0x00 0xC6 0x39 0x00 0x1C 0x32 0x57 0xE4 0xC6 0x03 0x00 0x00 0x00 0x00 0x00 0x00 0x00 0x00 0x99 0x32 0x57 0xE6 0x39 0xFC 0xFF 0xFF 0xFF 0xFF 0xFF 0xFF 0xFF 0xFF 0x1C 0x69 0xDD 0x10 0x83 
21:13:10,667 INFO  EbiEmulator: - ======================read data====================
21:13:10,818 WARN  EbiEmulator: - No telegrams from client1 : 10000
21:13:10,818 WARN  EbiEmulator: - ProcessData1 -> Send 140ms repeat on port: 10000
21:13:11,568 WARN  EbiEmulator: -  ====================== Connection canceled port: 10000
21:13:11,584 WARN  EbiEmulator: - ====================== Client 1 disconnected
21:13:11,628 ERROR EbiEmulator: - {}
java.io.IOException: Удаленный хост принудительно разорвал существующее подключение
	at sun.nio.ch.SocketDispatcher.write0(Native Method)
	at sun.nio.ch.SocketDispatcher.write(Unknown Source)
	at sun.nio.ch.IOUtil.writeFromNativeBuffer(Unknown Source)
	at sun.nio.ch.IOUtil.write(Unknown Source)
	at sun.nio.ch.SocketChannelImpl.write(Unknown Source)
	at si.iskratel.aa.ebilock.emulator.EbiEmulator$8.run(EbiEmulator.java:689)
	at java.util.concurrent.Executors$RunnableAdapter.call(Unknown Source)
	at java.util.concurrent.FutureTask.run(Unknown Source)
	at java.util.concurrent.ScheduledThreadPoolExecutor$ScheduledFutureTask.access$201(Unknown Source)
	at java.util.concurrent.ScheduledThreadPoolExecutor$ScheduledFutureTask.run(Unknown Source)
	at java.util.concurrent.ThreadPoolExecutor.runWorker(Unknown Source)
	at java.util.concurrent.ThreadPoolExecutor$Worker.run(Unknown Source)
	at java.lang.Thread.run(Unknown Source)
21:14:15,118 INFO  EbiEmulator: - ====================== Connection accepted: /127.0.0.1:1902
21:14:15,460 INFO  EbiEmulator: - Make package: cycles: 0xC7 0x38 T:{12887=Telegram[ 3257;  Data: 0x03 0x00 0x00 0x00 0x00 0x00 0x00 0x00 0x00 ; cyclesA/B: 0x00 0x00; status: null; time: 5385240 ] }
21:14:15,460 INFO  EbiEmulator: - Package ready -> send[10000]
21:14:15,460 INFO  EbiEmulator: - Send hdlc[10000]: 0x10 0x02 0x00 0x01 0x02 0x00 0x00 0x00 0x2A 0x00 0xC7 0x38 0x00 0x1C 0x32 0x57 0xE4 0xC7 0x03 0x00 0x00 0x00 0x00 0x00 0x00 0x00 0x00 0x99 0x32 0x57 0xE6 0x38 0xFC 0xFF 0xFF 0xFF 0xFF 0xFF 0xFF 0xFF 0xFF 0x1C 0x23 0x4F 0x10 0x83 
21:14:15,476 INFO  EbiEmulator: - ======================read data====================
21:14:15,499 WARN  EbiEmulator: - ====================== Client 1 disconnected
21:14:33,516 INFO  EbiEmulator: - ====================== Connection accepted: /127.0.0.1:1910
21:14:34,061 INFO  EbiEmulator: - Make package: cycles: 0xC8 0x37 T:{12887=Telegram[ 3257;  Data: 0x03 0x00 0x00 0x00 0x00 0x00 0x00 0x00 0x00 ; cyclesA/B: 0x00 0x00; status: null; time: 5403841 ] }
21:14:34,061 INFO  EbiEmulator: - Package ready -> send[10000]
21:14:34,061 INFO  EbiEmulator: - Send hdlc[10000]: 0x10 0x02 0x00 0x01 0x02 0x00 0x00 0x00 0x2A 0x00 0xC8 0x37 0x00 0x1C 0x32 0x57 0xE4 0xC8 0x03 0x00 0x00 0x00 0x00 0x00 0x00 0x00 0x00 0x99 0x32 0x57 0xE6 0x37 0xFC 0xFF 0xFF 0xFF 0xFF 0xFF 0xFF 0xFF 0xFF 0x1C 0xB2 0x42 0x10 0x83 
21:14:34,078 INFO  EbiEmulator: - ======================read data====================
21:14:34,091 WARN  EbiEmulator: - ====================== Client 1 disconnected
21:14:53,538 INFO  EbiEmulator: - ====================== Connection accepted: /127.0.0.1:1921
21:14:53,860 INFO  EbiEmulator: - Make package: cycles: 0xC9 0x36 T:{12887=Telegram[ 3257;  Data: 0x03 0x00 0x00 0x00 0x00 0x00 0x00 0x00 0x00 ; cyclesA/B: 0x00 0x00; status: null; time: 5423640 ] }
21:14:53,861 INFO  EbiEmulator: - Package ready -> send[10000]
21:14:53,861 INFO  EbiEmulator: - Send hdlc[10000]: 0x10 0x02 0x00 0x01 0x02 0x00 0x00 0x00 0x2A 0x00 0xC9 0x36 0x00 0x1C 0x32 0x57 0xE4 0xC9 0x03 0x00 0x00 0x00 0x00 0x00 0x00 0x00 0x00 0x99 0x32 0x57 0xE6 0x36 0xFC 0xFF 0xFF 0xFF 0xFF 0xFF 0xFF 0xFF 0xFF 0x1C 0xF8 0xD0 0x10 0x83 
21:14:53,914 INFO  EbiEmulator: - ======================read data====================
21:14:53,926 WARN  EbiEmulator: - ====================== Client 1 disconnected
21:20:33,647 INFO  EbiEmulator: - ====================== Connection accepted: /127.0.0.1:1954
21:20:34,061 INFO  EbiEmulator: - Make package: cycles: 0xCA 0x35 T:{12887=Telegram[ 3257;  Data: 0x03 0x00 0x00 0x00 0x00 0x00 0x00 0x00 0x00 ; cyclesA/B: 0x00 0x00; status: null; time: 5763841 ] }
21:20:34,061 INFO  EbiEmulator: - Package ready -> send[10000]
21:20:34,061 INFO  EbiEmulator: - Send hdlc[10000]: 0x10 0x02 0x00 0x01 0x02 0x00 0x00 0x00 0x2A 0x00 0xCA 0x35 0x00 0x1C 0x32 0x57 0xE4 0xCA 0x03 0x00 0x00 0x00 0x00 0x00 0x00 0x00 0x00 0x99 0x32 0x57 0xE6 0x35 0xFC 0xFF 0xFF 0xFF 0xFF 0xFF 0xFF 0xFF 0xFF 0x1C 0x27 0x66 0x10 0x83 
21:20:34,078 INFO  EbiEmulator: - ======================read data====================
21:20:34,091 WARN  EbiEmulator: - ====================== Client 1 disconnected
21:20:40,218 INFO  EbiEmulator: - ====================== Connection accepted: /127.0.0.1:1961
21:20:40,661 INFO  EbiEmulator: - Make package: cycles: 0xCB 0x34 T:{12887=Telegram[ 3257;  Data: 0x03 0x00 0x00 0x00 0x00 0x00 0x00 0x00 0x00 ; cyclesA/B: 0x00 0x00; status: null; time: 5770441 ] }
21:20:40,661 INFO  EbiEmulator: - Package ready -> send[10000]
21:20:40,661 INFO  EbiEmulator: - Send hdlc[10000]: 0x10 0x02 0x00 0x01 0x02 0x00 0x00 0x00 0x2A 0x00 0xCB 0x34 0x00 0x1C 0x32 0x57 0xE4 0xCB 0x03 0x00 0x00 0x00 0x00 0x00 0x00 0x00 0x00 0x99 0x32 0x57 0xE6 0x34 0xFC 0xFF 0xFF 0xFF 0xFF 0xFF 0xFF 0xFF 0xFF 0x1C 0x6D 0xF4 0x10 0x83 
21:20:40,672 INFO  EbiEmulator: - ======================read data====================
21:20:40,684 WARN  EbiEmulator: - ====================== Client 1 disconnected
21:21:04,123 INFO  EbiEmulator: - ====================== Connection accepted: /127.0.0.1:1970
21:21:04,660 INFO  EbiEmulator: - Make package: cycles: 0xCC 0x33 T:{12887=Telegram[ 3257;  Data: 0x03 0x00 0x00 0x00 0x00 0x00 0x00 0x00 0x00 ; cyclesA/B: 0x00 0x00; status: null; time: 5794440 ] }
21:21:04,660 INFO  EbiEmulator: - Package ready -> send[10000]
21:21:04,660 INFO  EbiEmulator: - Send hdlc[10000]: 0x10 0x02 0x00 0x01 0x02 0x00 0x00 0x00 0x2A 0x00 0xCC 0x33 0x00 0x1C 0x32 0x57 0xE4 0xCC 0x03 0x00 0x00 0x00 0x00 0x00 0x00 0x00 0x00 0x99 0x32 0x57 0xE6 0x33 0xFC 0xFF 0xFF 0xFF 0xFF 0xFF 0xFF 0xFF 0xFF 0x1C 0x88 0x2B 0x10 0x83 
21:21:04,673 INFO  EbiEmulator: - ======================read data====================
21:21:04,685 WARN  EbiEmulator: - ====================== Client 1 disconnected
21:21:15,151 INFO  EbiEmulator: - ====================== Connection accepted: /127.0.0.1:1976
21:21:15,460 INFO  EbiEmulator: - Make package: cycles: 0xCD 0x32 T:{12887=Telegram[ 3257;  Data: 0x03 0x00 0x00 0x00 0x00 0x00 0x00 0x00 0x00 ; cyclesA/B: 0x00 0x00; status: null; time: 5805240 ] }
21:21:15,460 INFO  EbiEmulator: - Package ready -> send[10000]
21:21:15,460 INFO  EbiEmulator: - Send hdlc[10000]: 0x10 0x02 0x00 0x01 0x02 0x00 0x00 0x00 0x2A 0x00 0xCD 0x32 0x00 0x1C 0x32 0x57 0xE4 0xCD 0x03 0x00 0x00 0x00 0x00 0x00 0x00 0x00 0x00 0x99 0x32 0x57 0xE6 0x32 0xFC 0xFF 0xFF 0xFF 0xFF 0xFF 0xFF 0xFF 0xFF 0x1C 0xC2 0xB9 0x10 0x83 
21:21:15,473 INFO  EbiEmulator: - ======================read data====================
21:21:15,485 WARN  EbiEmulator: - ====================== Client 1 disconnected
